<?xml version="1.0" encoding="UTF-8"?>
<testsuite xmlns:xsi="http://www.w3.org/2001/XMLSchema-instance" xsi:noNamespaceSchemaLocation="https://maven.apache.org/surefire/maven-surefire-plugin/xsd/surefire-test-report-3.0.xsd" version="3.0" name="com.marketdata.validator.simulator.LVWRChaosSimulatorTest" time="21.527" tests="22" errors="0" skipped="0" failures="0">
  <properties>
[...]
</properties>
  <testcase name="scenarioModeOnlyInjectsTargetScenario" classname="com.marketdata.validator.simulator.LVWRChaosSimulatorTest" time="0.023">
    <system-out><![CDATA[19:37:29.595 &amp#27;[34mINFO &amp#27;[0;39m [virtual-132] &amp#27;[36mc.m.v.simulator.LVWRChaosSimulator&amp#27;[0;39m - LVWR_T simulator starting feedId=feed-3 mode=SCENARIO ticksPerSecond=1000
19:37:29.617 &amp#27;[34mINFO &amp#27;[0;39m [virtual-132] &amp#27;[36mc.m.v.simulator.LVWRChaosSimulator&amp#27;[0;39m - LVWR_T simulator stopped feedId=feed-3 ticksSent=20 totalFailures=20
]]></system-out>
  </testcase>
  <testcase name="stopHaltsEmission" classname="com.marketdata.validator.simulator.LVWRChaosSimulatorTest" time="0.204">
    <system-out><![CDATA[19:37:29.618 &amp#27;[34mINFO &amp#27;[0;39m [virtual-134] &amp#27;[36mc.m.v.simulator.LVWRChaosSimulator&amp#27;[0;39m - LVWR_T simulator starting feedId=feed-6 mode=CLEAN ticksPerSecond=10
19:37:29.822 &amp#27;[34mINFO &amp#27;[0;39m [virtual-134] &amp#27;[36mc.m.v.simulator.LVWRChaosSimulator&amp#27;[0;39m - LVWR_T simulator stopped feedId=feed-6 ticksSent=156 totalFailures=0
]]></system-out>
  </testcase>
  <testcase name="switchingToScenarioModeResetsFailureCounters" classname="com.marketdata.validator.simulator.LVWRChaosSimulatorTest" time="0.055">
    <system-out><![CDATA[19:37:29.823 &amp#27;[34mINFO &amp#27;[0;39m [virtual-135] &amp#27;[36mc.m.v.simulator.LVWRChaosSimulator&amp#27;[0;39m - LVWR_T simulator starting feedId=feed-fix7 mode=NOISY ticksPerSecond=1000
19:37:29.876 &amp#27;[34mINFO &amp#27;[0;39m [virtual-135] &amp#27;[36mc.m.v.simulator.LVWRChaosSimulator&amp#27;[0;39m - LVWR_T simulator stopped feedId=feed-fix7 ticksSent=53 totalFailures=53
]]></system-out>
  </testcase>
  <testcase name="updateConfigChangesMode" classname="com.marketdata.validator.simulator.LVWRChaosSimulatorTest" time="0.105">
    <system-out><![CDATA[19:37:29.878 &amp#27;[34mINFO &amp#27;[0;39m [virtual-136] &amp#27;[36mc.m.v.simulator.LVWRChaosSimulator&amp#27;[0;39m - LVWR_T simulator starting feedId=feed-8 mode=CLEAN ticksPerSecond=10
19:37:29.982 &amp#27;[34mINFO &amp#27;[0;39m [virtual-136] &amp#27;[36mc.m.v.simulator.LVWRChaosSimulator&amp#27;[0;39m - LVWR_T simulator stopped feedId=feed-8 ticksSent=83 totalFailures=0
]]></system-out>
  </testcase>
  <testcase name="chaosModeMixesMultipleFailureTypes" classname="com.marketdata.validator.simulator.LVWRChaosSimulatorTest" time="10.002">
    <system-out><![CDATA[19:37:29.983 &amp#27;[34mINFO &amp#27;[0;39m [virtual-137] &amp#27;[36mc.m.v.simulator.LVWRChaosSimulator&amp#27;[0;39m - LVWR_T simulator starting feedId=feed-chaos2 mode=CHAOS ticksPerSecond=1000
19:37:30.005 &amp#27;[34mINFO &amp#27;[0;39m [virtual-137] &amp#27;[36mc.m.v.simulator.LVWRChaosSimulator&amp#27;[0;39m - LVWR_T injecting DISCONNECT feedId=feed-chaos2
19:37:38.008 &amp#27;[34mINFO &amp#27;[0;39m [virtual-137] &amp#27;[36mc.m.v.simulator.LVWRChaosSimulator&amp#27;[0;39m - LVWR_T injecting RECONNECT_STORM feedId=feed-chaos2 disconnectCount=1
19:37:38.515 &amp#27;[34mINFO &amp#27;[0;39m [virtual-137] &amp#27;[36mc.m.v.simulator.LVWRChaosSimulator&amp#27;[0;39m - LVWR_T injecting DISCONNECT feedId=feed-chaos2
]]></system-out>
  </testcase>
  <testcase name="ticksSentCounterIncrementsCorrectly" classname="com.marketdata.validator.simulator.LVWRChaosSimulatorTest" time="0.012">
    <system-out><![CDATA[19:37:39.986 &amp#27;[34mINFO &amp#27;[0;39m [virtual-138] &amp#27;[36mc.m.v.simulator.LVWRChaosSimulator&amp#27;[0;39m - LVWR_T simulator starting feedId=feed-7 mode=CLEAN ticksPerSecond=1000
19:37:39.996 &amp#27;[34mINFO &amp#27;[0;39m [virtual-138] &amp#27;[36mc.m.v.simulator.LVWRChaosSimulator&amp#27;[0;39m - LVWR_T simulator stopped feedId=feed-7 ticksSent=10 totalFailures=0
]]></system-out>
  </testcase>
  <testcase name="stopInterruptsDisconnectSleep" classname="com.marketdata.validator.simulator.LVWRChaosSimulatorTest" time="0.152">
    <system-out><![CDATA[19:37:39.998 &amp#27;[34mINFO &amp#27;[0;39m [virtual-139] &amp#27;[36mc.m.v.simulator.LVWRChaosSimulator&amp#27;[0;39m - LVWR_T simulator starting feedId=feed-int mode=SCENARIO ticksPerSecond=100
19:37:39.998 &amp#27;[34mINFO &amp#27;[0;39m [virtual-139] &amp#27;[36mc.m.v.simulator.LVWRChaosSimulator&amp#27;[0;39m - LVWR_T injecting DISCONNECT feedId=feed-int
19:37:40.148 &amp#27;[34mINFO &amp#27;[0;39m [virtual-139] &amp#27;[36mc.m.v.simulator.LVWRChaosSimulator&amp#27;[0;39m - LVWR_T simulator stopped feedId=feed-int ticksSent=0 totalFailures=0
]]></system-out>
  </testcase>
  <testcase name="chaosModeMixesFailureTypes" classname="com.marketdata.validator.simulator.LVWRChaosSimulatorTest" time="10.005">
    <system-out><![CDATA[19:37:40.150 &amp#27;[34mINFO &amp#27;[0;39m [virtual-140] &amp#27;[36mc.m.v.simulator.LVWRChaosSimulator&amp#27;[0;39m - LVWR_T simulator starting feedId=feed-chaos mode=CHAOS ticksPerSecond=1000
19:37:40.165 &amp#27;[34mINFO &amp#27;[0;39m [virtual-140] &amp#27;[36mc.m.v.simulator.LVWRChaosSimulator&amp#27;[0;39m - LVWR_T injecting DISCONNECT feedId=feed-chaos
19:37:46.520 &amp#27;[34mINFO &amp#27;[0;39m [virtual-137] &amp#27;[36mc.m.v.simulator.LVWRChaosSimulator&amp#27;[0;39m - LVWR_T injecting RECONNECT_STORM feedId=feed-chaos2 disconnectCount=2
19:37:47.026 &amp#27;[34mINFO &amp#27;[0;39m [virtual-137] &amp#27;[36mc.m.v.simulator.LVWRChaosSimulator&amp#27;[0;39m - LVWR_T injecting DISCONNECT feedId=feed-chaos2
19:37:48.170 &amp#27;[34mINFO &amp#27;[0;39m [virtual-140] &amp#27;[36mc.m.v.simulator.LVWRChaosSimulator&amp#27;[0;39m - LVWR_T injecting RECONNECT_STORM feedId=feed-chaos disconnectCount=1
19:37:48.677 &amp#27;[34mINFO &amp#27;[0;39m [virtual-140] &amp#27;[36mc.m.v.simulator.LVWRChaosSimulator&amp#27;[0;39m - LVWR_T injecting DISCONNECT feedId=feed-chaos
]]></system-out>
  </testcase>
  <testcase name="switchingScenarioTargetResetsFailureCounters" classname="com.marketdata.validator.simulator.LVWRChaosSimulatorTest" time="0.053">
    <system-out><![CDATA[19:37:50.155 &amp#27;[34mINFO &amp#27;[0;39m [virtual-141] &amp#27;[36mc.m.v.simulator.LVWRChaosSimulator&amp#27;[0;39m - LVWR_T simulator starting feedId=feed-fix7b mode=SCENARIO ticksPerSecond=1000
19:37:50.207 &amp#27;[34mINFO &amp#27;[0;39m [virtual-141] &amp#27;[36mc.m.v.simulator.LVWRChaosSimulator&amp#27;[0;39m - LVWR_T simulator stopped feedId=feed-fix7b ticksSent=52 totalFailures=52
]]></system-out>
  </testcase>
  <testcase name="feedIdIsSetOnAllTicks" classname="com.marketdata.validator.simulator.LVWRChaosSimulatorTest" time="0.011">
    <system-out><![CDATA[19:37:50.208 &amp#27;[34mINFO &amp#27;[0;39m [virtual-142] &amp#27;[36mc.m.v.simulator.LVWRChaosSimulator&amp#27;[0;39m - LVWR_T simulator starting feedId=my-feed mode=CLEAN ticksPerSecond=1000
19:37:50.219 &amp#27;[34mINFO &amp#27;[0;39m [virtual-142] &amp#27;[36mc.m.v.simulator.LVWRChaosSimulator&amp#27;[0;39m - LVWR_T simulator stopped feedId=my-feed ticksSent=10 totalFailures=0
]]></system-out>
  </testcase>
  <testcase name="priceSpikeInjectsPositiveSurge" classname="com.marketdata.validator.simulator.LVWRChaosSimulatorTest" time="0.007">
    <system-out><![CDATA[19:37:50.220 &amp#27;[34mINFO &amp#27;[0;39m [virtual-143] &amp#27;[36mc.m.v.simulator.LVWRChaosSimulator&amp#27;[0;39m - LVWR_T simulator starting feedId=feed-4 mode=SCENARIO ticksPerSecond=1000
19:37:50.225 &amp#27;[34mINFO &amp#27;[0;39m [virtual-143] &amp#27;[36mc.m.v.simulator.LVWRChaosSimulator&amp#27;[0;39m - LVWR_T simulator stopped feedId=feed-4 ticksSent=5 totalFailures=5
]]></system-out>
  </testcase>
  <testcase name="staleTimestampTickHasExchangeBeforeReceived" classname="com.marketdata.validator.simulator.LVWRChaosSimulatorTest" time="0.006">
    <system-out><![CDATA[19:37:50.226 &amp#27;[34mINFO &amp#27;[0;39m [virtual-144] &amp#27;[36mc.m.v.simulator.LVWRChaosSimulator&amp#27;[0;39m - LVWR_T simulator starting feedId=feed-10 mode=SCENARIO ticksPerSecond=1000
19:37:50.232 &amp#27;[34mINFO &amp#27;[0;39m [virtual-144] &amp#27;[36mc.m.v.simulator.LVWRChaosSimulator&amp#27;[0;39m - LVWR_T simulator stopped feedId=feed-10 ticksSent=5 totalFailures=5
]]></system-out>
  </testcase>
  <testcase name="noisyModeInjectsSomeFailures" classname="com.marketdata.validator.simulator.LVWRChaosSimulatorTest" time="0.021">
    <system-out><![CDATA[19:37:50.233 &amp#27;[34mINFO &amp#27;[0;39m [virtual-145] &amp#27;[36mc.m.v.simulator.LVWRChaosSimulator&amp#27;[0;39m - LVWR_T simulator starting feedId=feed-2 mode=NOISY ticksPerSecond=1000
19:37:50.254 &amp#27;[34mINFO &amp#27;[0;39m [virtual-145] &amp#27;[36mc.m.v.simulator.LVWRChaosSimulator&amp#27;[0;39m - LVWR_T simulator stopped feedId=feed-2 ticksSent=20 totalFailures=20
]]></system-out>
  </testcase>
  <testcase name="waitForStopReturnsTrueAfterSimulatorExits" classname="com.marketdata.validator.simulator.LVWRChaosSimulatorTest" time="0.055">
    <system-out><![CDATA[19:37:50.255 &amp#27;[34mINFO &amp#27;[0;39m [virtual-146] &amp#27;[36mc.m.v.simulator.LVWRChaosSimulator&amp#27;[0;39m - LVWR_T simulator starting feedId=feed-wfs mode=CLEAN ticksPerSecond=100
19:37:50.309 &amp#27;[34mINFO &amp#27;[0;39m [virtual-146] &amp#27;[36mc.m.v.simulator.LVWRChaosSimulator&amp#27;[0;39m - LVWR_T simulator stopped feedId=feed-wfs ticksSent=42 totalFailures=0
]]></system-out>
  </testcase>
  <testcase name="sequenceGapInjectsSeqJumpAboveNaturalNext" classname="com.marketdata.validator.simulator.LVWRChaosSimulatorTest" time="0.007">
    <system-out><![CDATA[19:37:50.311 &amp#27;[34mINFO &amp#27;[0;39m [virtual-147] &amp#27;[36mc.m.v.simulator.LVWRChaosSimulator&amp#27;[0;39m - LVWR_T simulator starting feedId=feed-gap mode=SCENARIO ticksPerSecond=1000
19:37:50.316 &amp#27;[34mINFO &amp#27;[0;39m [virtual-147] &amp#27;[36mc.m.v.simulator.LVWRChaosSimulator&amp#27;[0;39m - LVWR_T simulator stopped feedId=feed-gap ticksSent=5 totalFailures=5
]]></system-out>
  </testcase>
  <testcase name="getFailuresInjectedIsNonNegative" classname="com.marketdata.validator.simulator.LVWRChaosSimulatorTest" time="0.511">
    <system-out><![CDATA[19:37:50.317 &amp#27;[34mINFO &amp#27;[0;39m [virtual-148] &amp#27;[36mc.m.v.simulator.LVWRChaosSimulator&amp#27;[0;39m - LVWR_T simulator starting feedId=feed-9 mode=NOISY ticksPerSecond=1000
19:37:50.326 &amp#27;[34mINFO &amp#27;[0;39m [virtual-148] &amp#27;[36mc.m.v.simulator.LVWRChaosSimulator&amp#27;[0;39m - LVWR_T injecting RECONNECT_STORM feedId=feed-9 disconnectCount=1
19:37:50.828 &amp#27;[34mINFO &amp#27;[0;39m [virtual-148] &amp#27;[36mc.m.v.simulator.LVWRChaosSimulator&amp#27;[0;39m - LVWR_T simulator stopped feedId=feed-9 ticksSent=1626 totalFailures=10
]]></system-out>
  </testcase>
  <testcase name="simulatorStopsGracefullyAfterNumTrades" classname="com.marketdata.validator.simulator.LVWRChaosSimulatorTest" time="0.021">
    <system-out><![CDATA[19:37:50.829 &amp#27;[34mINFO &amp#27;[0;39m [virtual-149] &amp#27;[36mc.m.v.simulator.LVWRChaosSimulator&amp#27;[0;39m - LVWR_T simulator starting feedId=feed-stop mode=CLEAN ticksPerSecond=1000
19:37:50.849 &amp#27;[34mINFO &amp#27;[0;39m [virtual-149] &amp#27;[36mc.m.v.simulator.LVWRChaosSimulator&amp#27;[0;39m - LVWR_T simulator stopped feedId=feed-stop ticksSent=20 totalFailures=0
]]></system-out>
  </testcase>
  <testcase name="negativePriceInjectsNegativePrice" classname="com.marketdata.validator.simulator.LVWRChaosSimulatorTest" time="0.006">
    <system-out><![CDATA[19:37:50.850 &amp#27;[34mINFO &amp#27;[0;39m [virtual-150] &amp#27;[36mc.m.v.simulator.LVWRChaosSimulator&amp#27;[0;39m - LVWR_T simulator starting feedId=feed-5 mode=SCENARIO ticksPerSecond=1000
19:37:50.856 &amp#27;[34mINFO &amp#27;[0;39m [virtual-150] &amp#27;[36mc.m.v.simulator.LVWRChaosSimulator&amp#27;[0;39m - LVWR_T simulator stopped feedId=feed-5 ticksSent=5 totalFailures=5
]]></system-out>
  </testcase>
  <testcase name="cleanModeEmitsNoFailures" classname="com.marketdata.validator.simulator.LVWRChaosSimulatorTest" time="0.052">
    <system-out><![CDATA[19:37:50.857 &amp#27;[34mINFO &amp#27;[0;39m [virtual-151] &amp#27;[36mc.m.v.simulator.LVWRChaosSimulator&amp#27;[0;39m - LVWR_T simulator starting feedId=feed-1 mode=CLEAN ticksPerSecond=1000
19:37:50.907 &amp#27;[34mINFO &amp#27;[0;39m [virtual-151] &amp#27;[36mc.m.v.simulator.LVWRChaosSimulator&amp#27;[0;39m - LVWR_T simulator stopped feedId=feed-1 ticksSent=50 totalFailures=0
]]></system-out>
  </testcase>
  <testcase name="emissionOrderFollowsBlueprintPhase1" classname="com.marketdata.validator.simulator.LVWRChaosSimulatorTest" time="0.0"/>
  <testcase name="restartDoesNotLeaveOldSimulatorRunning" classname="com.marketdata.validator.simulator.LVWRChaosSimulatorTest" time="0.107">
    <system-out><![CDATA[19:37:50.909 &amp#27;[34mINFO &amp#27;[0;39m [virtual-152] &amp#27;[36mc.m.v.simulator.LVWRChaosSimulator&amp#27;[0;39m - LVWR_T simulator starting feedId=feed-restart mode=CLEAN ticksPerSecond=100
19:37:50.960 &amp#27;[34mINFO &amp#27;[0;39m [virtual-152] &amp#27;[36mc.m.v.simulator.LVWRChaosSimulator&amp#27;[0;39m - LVWR_T simulator stopped feedId=feed-restart ticksSent=40 totalFailures=0
19:37:50.961 &amp#27;[34mINFO &amp#27;[0;39m [virtual-153] &amp#27;[36mc.m.v.simulator.LVWRChaosSimulator&amp#27;[0;39m - LVWR_T simulator starting feedId=feed-restart mode=CLEAN ticksPerSecond=100
19:37:51.014 &amp#27;[34mINFO &amp#27;[0;39m [virtual-153] &amp#27;[36mc.m.v.simulator.LVWRChaosSimulator&amp#27;[0;39m - LVWR_T simulator stopped feedId=feed-restart ticksSent=42 totalFailures=0
]]></system-out>
  </testcase>
  <testcase name="disconnectDurationIsReadFromConfig" classname="com.marketdata.validator.simulator.LVWRChaosSimulatorTest" time="0.105">
    <system-out><![CDATA[19:37:51.016 &amp#27;[34mINFO &amp#27;[0;39m [virtual-154] &amp#27;[36mc.m.v.simulator.LVWRChaosSimulator&amp#27;[0;39m - LVWR_T simulator starting feedId=feed-dur mode=SCENARIO ticksPerSecond=100
19:37:51.016 &amp#27;[34mINFO &amp#27;[0;39m [virtual-154] &amp#27;[36mc.m.v.simulator.LVWRChaosSimulator&amp#27;[0;39m - LVWR_T injecting DISCONNECT feedId=feed-dur
19:37:51.120 &amp#27;[34mINFO &amp#27;[0;39m [virtual-154] &amp#27;[36mc.m.v.simulator.LVWRChaosSimulator&amp#27;[0;39m - LVWR_T simulator stopped feedId=feed-dur ticksSent=1 totalFailures=1
]]></system-out>
  </testcase>
</testsuite>