<?xml version="1.0" encoding="UTF-8"?>
<testsuite xmlns:xsi="http://www.w3.org/2001/XMLSchema-instance" xsi:noNamespaceSchemaLocation="https://maven.apache.org/surefire/maven-surefire-plugin/xsd/surefire-test-report-3.0.xsd" version="3.0" name="com.marketdata.validator.simulator.SimulatorValidatorIntegrationTest" time="0.471" tests="15" errors="0" skipped="0" failures="0">
  <properties>
[...]
</properties>
  <testcase name="outOfOrderScenarioCausesOrderingViolations" classname="com.marketdata.validator.simulator.SimulatorValidatorIntegrationTest" time="0.104">
    <system-out><![CDATA[19:37:51.123 &amp#27;[34mINFO &amp#27;[0;39m [virtual-155] &amp#27;[36mc.m.v.simulator.LVWRChaosSimulator&amp#27;[0;39m - LVWR_T simulator starting feedId=int-oo mode=CLEAN ticksPerSecond=1000
19:37:51.174 &amp#27;[31mWARN &amp#27;[0;39m [virtual-155] &amp#27;[36mc.m.v.validator.ValidatorEngine&amp#27;[0;39m - Validation FAIL: validator=ORDERING symbol=US_TSY_10Y status=FAIL value=98.0392156862745 threshold=99.99
19:37:51.175 &amp#27;[31mWARN &amp#27;[0;39m [virtual-155] &amp#27;[36mc.m.v.validator.ValidatorEngine&amp#27;[0;39m - Validation FAIL: validator=ORDERING symbol=EUR/USD status=FAIL value=96.15384615384616 threshold=99.99
19:37:51.176 &amp#27;[31mWARN &amp#27;[0;39m [virtual-155] &amp#27;[36mc.m.v.validator.ValidatorEngine&amp#27;[0;39m - Validation FAIL: validator=ORDERING symbol=GBP/USD status=FAIL value=94.33962264150944 threshold=99.99
19:37:51.177 &amp#27;[31mWARN &amp#27;[0;39m [virtual-155] &amp#27;[36mc.m.v.validator.ValidatorEngine&amp#27;[0;39m - Validation FAIL: validator=ORDERING symbol=SP_BONO_10Y status=FAIL value=92.5925925925926 threshold=99.99
19:37:51.178 &amp#27;[31mWARN &amp#27;[0;39m [virtual-155] &amp#27;[36mc.m.v.validator.ValidatorEngine&amp#27;[0;39m - Validation FAIL: validator=ORDERING symbol=FR_OAT_10Y status=FAIL value=90.9090909090909 threshold=99.99
19:37:51.179 &amp#27;[31mWARN &amp#27;[0;39m [virtual-155] &amp#27;[36mc.m.v.validator.ValidatorEngine&amp#27;[0;39m - Validation FAIL: validator=ORDERING symbol=US_TSY_30Y status=FAIL value=89.28571428571429 threshold=99.99
19:37:51.180 &amp#27;[31mWARN &amp#27;[0;39m [virtual-155] &amp#27;[36mc.m.v.validator.ValidatorEngine&amp#27;[0;39m - Validation FAIL: validator=ORDERING symbol=USD/JPY status=FAIL value=87.71929824561404 threshold=99.99
19:37:51.180 &amp#27;[31mWARN &amp#27;[0;39m [virtual-155] &amp#27;[36mc.m.v.validator.ValidatorEngine&amp#27;[0;39m - Validation FAIL: validator=ORDERING symbol=XAU/USD status=FAIL value=86.20689655172413 threshold=99.99
19:37:51.182 &amp#27;[31mWARN &amp#27;[0;39m [virtual-155] &amp#27;[36mc.m.v.validator.ValidatorEngine&amp#27;[0;39m - Validation FAIL: validator=ORDERING symbol=US_TSY_2Y status=FAIL value=84.7457627118644 threshold=99.99
19:37:51.183 &amp#27;[31mWARN &amp#27;[0;39m [virtual-155] &amp#27;[36mc.m.v.validator.ValidatorEngine&amp#27;[0;39m - Validation FAIL: validator=ORDERING symbol=LIBOR_ON status=FAIL value=83.33333333333334 threshold=99.99
19:37:51.184 &amp#27;[31mWARN &amp#27;[0;39m [virtual-155] &amp#27;[36mc.m.v.validator.ValidatorEngine&amp#27;[0;39m - Validation FAIL: validator=ORDERING symbol=EURIBOR_3M status=FAIL value=81.9672131147541 threshold=99.99
19:37:51.185 &amp#27;[31mWARN &amp#27;[0;39m [virtual-155] &amp#27;[36mc.m.v.validator.ValidatorEngine&amp#27;[0;39m - Validation FAIL: validator=ORDERING symbol=UK_GILT_10Y status=FAIL value=80.64516129032258 threshold=99.99
19:37:51.185 &amp#27;[31mWARN &amp#27;[0;39m [virtual-155] &amp#27;[36mc.m.v.validator.ValidatorEngine&amp#27;[0;39m - Validation FAIL: validator=ORDERING symbol=DE_BUND_10Y status=FAIL value=79.36507936507937 threshold=99.99
19:37:51.187 &amp#27;[31mWARN &amp#27;[0;39m [virtual-155] &amp#27;[36mc.m.v.validator.ValidatorEngine&amp#27;[0;39m - Validation FAIL: validator=ORDERING symbol=CHF_LIBOR_3M status=FAIL value=78.125 threshold=99.99
19:37:51.188 &amp#27;[31mWARN &amp#27;[0;39m [virtual-155] &amp#27;[36mc.m.v.validator.ValidatorEngine&amp#27;[0;39m - Validation FAIL: validator=ORDERING symbol=EUR/GBP status=FAIL value=76.92307692307692 threshold=99.99
19:37:51.189 &amp#27;[31mWARN &amp#27;[0;39m [virtual-155] &amp#27;[36mc.m.v.validator.ValidatorEngine&amp#27;[0;39m - Validation FAIL: validator=ORDERING symbol=JP_JGB_10Y status=FAIL value=75.75757575757575 threshold=99.99
19:37:51.190 &amp#27;[31mWARN &amp#27;[0;39m [virtual-155] &amp#27;[36mc.m.v.validator.ValidatorEngine&amp#27;[0;39m - Validation FAIL: validator=ORDERING symbol=IT_BTP_10Y status=FAIL value=74.62686567164178 threshold=99.99
19:37:51.191 &amp#27;[31mWARN &amp#27;[0;39m [virtual-155] &amp#27;[36mc.m.v.validator.ValidatorEngine&amp#27;[0;39m - Validation FAIL: validator=ORDERING symbol=US_TSY_10Y status=FAIL value=75.0 threshold=99.99
19:37:51.192 &amp#27;[31mWARN &amp#27;[0;39m [virtual-155] &amp#27;[36mc.m.v.validator.ValidatorEngine&amp#27;[0;39m - Validation FAIL: validator=ORDERING symbol=EUR/USD status=FAIL value=75.36231884057972 threshold=99.99
19:37:51.193 &amp#27;[31mWARN &amp#27;[0;39m [virtual-155] &amp#27;[36mc.m.v.validator.ValidatorEngine&amp#27;[0;39m - Validation FAIL: validator=ORDERING symbol=GBP/USD status=FAIL value=75.71428571428571 threshold=99.99
19:37:51.194 &amp#27;[31mWARN &amp#27;[0;39m [virtual-155] &amp#27;[36mc.m.v.validator.ValidatorEngine&amp#27;[0;39m - Validation FAIL: validator=ORDERING symbol=SP_BONO_10Y status=FAIL value=76.05633802816901 threshold=99.99
19:37:51.195 &amp#27;[31mWARN &amp#27;[0;39m [virtual-155] &amp#27;[36mc.m.v.validator.ValidatorEngine&amp#27;[0;39m - Validation FAIL: validator=ORDERING symbol=FR_OAT_10Y status=FAIL value=76.38888888888889 threshold=99.99
19:37:51.196 &amp#27;[31mWARN &amp#27;[0;39m [virtual-155] &amp#27;[36mc.m.v.validator.ValidatorEngine&amp#27;[0;39m - Validation FAIL: validator=ORDERING symbol=US_TSY_30Y status=FAIL value=76.71232876712328 threshold=99.99
19:37:51.197 &amp#27;[31mWARN &amp#27;[0;39m [virtual-155] &amp#27;[36mc.m.v.validator.ValidatorEngine&amp#27;[0;39m - Validation FAIL: validator=ORDERING symbol=USD/JPY status=FAIL value=77.02702702702703 threshold=99.99
19:37:51.198 &amp#27;[31mWARN &amp#27;[0;39m [virtual-155] &amp#27;[36mc.m.v.validator.ValidatorEngine&amp#27;[0;39m - Validation FAIL: validator=ORDERING symbol=XAU/USD status=FAIL value=77.33333333333333 threshold=99.99
19:37:51.199 &amp#27;[31mWARN &amp#27;[0;39m [virtual-155] &amp#27;[36mc.m.v.validator.ValidatorEngine&amp#27;[0;39m - Validation FAIL: validator=ORDERING symbol=US_TSY_2Y status=FAIL value=77.63157894736842 threshold=99.99
19:37:51.199 &amp#27;[31mWARN &amp#27;[0;39m [virtual-155] &amp#27;[36mc.m.v.validator.ValidatorEngine&amp#27;[0;39m - Validation FAIL: validator=ORDERING symbol=LIBOR_ON status=FAIL value=77.92207792207793 threshold=99.99
19:37:51.201 &amp#27;[31mWARN &amp#27;[0;39m [virtual-155] &amp#27;[36mc.m.v.validator.ValidatorEngine&amp#27;[0;39m - Validation FAIL: validator=ORDERING symbol=EURIBOR_3M status=FAIL value=78.2051282051282 threshold=99.99
19:37:51.201 &amp#27;[31mWARN &amp#27;[0;39m [virtual-155] &amp#27;[36mc.m.v.validator.ValidatorEngine&amp#27;[0;39m - Validation FAIL: validator=ORDERING symbol=UK_GILT_10Y status=FAIL value=78.48101265822784 threshold=99.99
19:37:51.203 &amp#27;[31mWARN &amp#27;[0;39m [virtual-155] &amp#27;[36mc.m.v.validator.ValidatorEngine&amp#27;[0;39m - Validation FAIL: validator=ORDERING symbol=DE_BUND_10Y status=FAIL value=78.75 threshold=99.99
19:37:51.204 &amp#27;[31mWARN &amp#27;[0;39m [virtual-155] &amp#27;[36mc.m.v.validator.ValidatorEngine&amp#27;[0;39m - Validation FAIL: validator=ORDERING symbol=CHF_LIBOR_3M status=FAIL value=79.01234567901234 threshold=99.99
19:37:51.205 &amp#27;[31mWARN &amp#27;[0;39m [virtual-155] &amp#27;[36mc.m.v.validator.ValidatorEngine&amp#27;[0;39m - Validation FAIL: validator=ORDERING symbol=EUR/GBP status=FAIL value=79.26829268292683 threshold=99.99
19:37:51.206 &amp#27;[31mWARN &amp#27;[0;39m [virtual-155] &amp#27;[36mc.m.v.validator.ValidatorEngine&amp#27;[0;39m - Validation FAIL: validator=ORDERING symbol=JP_JGB_10Y status=FAIL value=79.51807228915662 threshold=99.99
19:37:51.206 &amp#27;[31mWARN &amp#27;[0;39m [virtual-155] &amp#27;[36mc.m.v.validator.ValidatorEngine&amp#27;[0;39m - Validation FAIL: validator=ORDERING symbol=IT_BTP_10Y status=FAIL value=79.76190476190477 threshold=99.99
19:37:51.208 &amp#27;[31mWARN &amp#27;[0;39m [virtual-155] &amp#27;[36mc.m.v.validator.ValidatorEngine&amp#27;[0;39m - Validation FAIL: validator=ORDERING symbol=US_TSY_10Y status=FAIL value=80.0 threshold=99.99
19:37:51.208 &amp#27;[31mWARN &amp#27;[0;39m [virtual-155] &amp#27;[36mc.m.v.validator.ValidatorEngine&amp#27;[0;39m - Validation FAIL: validator=ORDERING symbol=EUR/USD status=FAIL value=80.23255813953489 threshold=99.99
19:37:51.210 &amp#27;[31mWARN &amp#27;[0;39m [virtual-155] &amp#27;[36mc.m.v.validator.ValidatorEngine&amp#27;[0;39m - Validation FAIL: validator=ORDERING symbol=GBP/USD status=FAIL value=80.45977011494253 threshold=99.99
19:37:51.210 &amp#27;[31mWARN &amp#27;[0;39m [virtual-155] &amp#27;[36mc.m.v.validator.ValidatorEngine&amp#27;[0;39m - Validation FAIL: validator=ORDERING symbol=SP_BONO_10Y status=FAIL value=80.68181818181819 threshold=99.99
19:37:51.212 &amp#27;[31mWARN &amp#27;[0;39m [virtual-155] &amp#27;[36mc.m.v.validator.ValidatorEngine&amp#27;[0;39m - Validation FAIL: validator=ORDERING symbol=FR_OAT_10Y status=FAIL value=80.89887640449437 threshold=99.99
19:37:51.213 &amp#27;[31mWARN &amp#27;[0;39m [virtual-155] &amp#27;[36mc.m.v.validator.ValidatorEngine&amp#27;[0;39m - Validation FAIL: validator=ORDERING symbol=US_TSY_30Y status=FAIL value=81.11111111111111 threshold=99.99
19:37:51.214 &amp#27;[31mWARN &amp#27;[0;39m [virtual-155] &amp#27;[36mc.m.v.validator.ValidatorEngine&amp#27;[0;39m - Validation FAIL: validator=ORDERING symbol=USD/JPY status=FAIL value=81.31868131868131 threshold=99.99
19:37:51.214 &amp#27;[31mWARN &amp#27;[0;39m [virtual-155] &amp#27;[36mc.m.v.validator.ValidatorEngine&amp#27;[0;39m - Validation FAIL: validator=ORDERING symbol=XAU/USD status=FAIL value=81.5217391304348 threshold=99.99
19:37:51.215 &amp#27;[31mWARN &amp#27;[0;39m [virtual-155] &amp#27;[36mc.m.v.validator.ValidatorEngine&amp#27;[0;39m - Validation FAIL: validator=ORDERING symbol=US_TSY_2Y status=FAIL value=81.72043010752688 threshold=99.99
19:37:51.217 &amp#27;[31mWARN &amp#27;[0;39m [virtual-155] &amp#27;[36mc.m.v.validator.ValidatorEngine&amp#27;[0;39m - Validation FAIL: validator=ORDERING symbol=LIBOR_ON status=FAIL value=81.91489361702128 threshold=99.99
19:37:51.217 &amp#27;[31mWARN &amp#27;[0;39m [virtual-155] &amp#27;[36mc.m.v.validator.ValidatorEngine&amp#27;[0;39m - Validation FAIL: validator=ORDERING symbol=EURIBOR_3M status=FAIL value=82.10526315789474 threshold=99.99
19:37:51.219 &amp#27;[31mWARN &amp#27;[0;39m [virtual-155] &amp#27;[36mc.m.v.validator.ValidatorEngine&amp#27;[0;39m - Validation FAIL: validator=ORDERING symbol=UK_GILT_10Y status=FAIL value=82.29166666666666 threshold=99.99
19:37:51.220 &amp#27;[31mWARN &amp#27;[0;39m [virtual-155] &amp#27;[36mc.m.v.validator.ValidatorEngine&amp#27;[0;39m - Validation FAIL: validator=ORDERING symbol=DE_BUND_10Y status=FAIL value=82.4742268041237 threshold=99.99
19:37:51.221 &amp#27;[31mWARN &amp#27;[0;39m [virtual-155] &amp#27;[36mc.m.v.validator.ValidatorEngine&amp#27;[0;39m - Validation FAIL: validator=ORDERING symbol=CHF_LIBOR_3M status=FAIL value=82.6530612244898 threshold=99.99
19:37:51.221 &amp#27;[31mWARN &amp#27;[0;39m [virtual-155] &amp#27;[36mc.m.v.validator.ValidatorEngine&amp#27;[0;39m - Validation FAIL: validator=ORDERING symbol=EUR/GBP status=FAIL value=82.82828282828282 threshold=99.99
19:37:51.222 &amp#27;[31mWARN &amp#27;[0;39m [virtual-155] &amp#27;[36mc.m.v.validator.ValidatorEngine&amp#27;[0;39m - Validation FAIL: validator=ORDERING symbol=JP_JGB_10Y status=FAIL value=83.0 threshold=99.99
19:37:51.224 &amp#27;[31mWARN &amp#27;[0;39m [virtual-155] &amp#27;[36mc.m.v.validator.ValidatorEngine&amp#27;[0;39m - Validation FAIL: validator=ORDERING symbol=IT_BTP_10Y status=FAIL value=83.16831683168317 threshold=99.99
19:37:51.224 &amp#27;[31mWARN &amp#27;[0;39m [virtual-155] &amp#27;[36mc.m.v.validator.ValidatorEngine&amp#27;[0;39m - Validation FAIL: validator=ORDERING symbol=US_TSY_10Y status=FAIL value=83.33333333333334 threshold=99.99
19:37:51.226 &amp#27;[31mWARN &amp#27;[0;39m [virtual-155] &amp#27;[36mc.m.v.validator.ValidatorEngine&amp#27;[0;39m - Validation FAIL: validator=ORDERING symbol=EUR/USD status=FAIL value=83.49514563106796 threshold=99.99
19:37:51.227 &amp#27;[31mWARN &amp#27;[0;39m [virtual-155] &amp#27;[36mc.m.v.validator.ValidatorEngine&amp#27;[0;39m - Validation FAIL: validator=ORDERING symbol=GBP/USD status=FAIL value=83.65384615384616 threshold=99.99
19:37:51.227 &amp#27;[34mINFO &amp#27;[0;39m [virtual-155] &amp#27;[36mc.m.v.simulator.LVWRChaosSimulator&amp#27;[0;39m - LVWR_T simulator stopped feedId=int-oo ticksSent=104 totalFailures=54
]]></system-out>
  </testcase>
  <testcase name="disconnectPausesEmission" classname="com.marketdata.validator.simulator.SimulatorValidatorIntegrationTest" time="0.035">
    <system-out><![CDATA[19:37:51.228 &amp#27;[34mINFO &amp#27;[0;39m [virtual-156] &amp#27;[36mc.m.v.simulator.LVWRChaosSimulator&amp#27;[0;39m - LVWR_T simulator starting feedId=int-disconnect mode=SCENARIO ticksPerSecond=1000
19:37:51.228 &amp#27;[34mINFO &amp#27;[0;39m [virtual-156] &amp#27;[36mc.m.v.simulator.LVWRChaosSimulator&amp#27;[0;39m - LVWR_T injecting DISCONNECT feedId=int-disconnect
19:37:51.238 &amp#27;[34mINFO &amp#27;[0;39m [virtual-156] &amp#27;[36mc.m.v.simulator.LVWRChaosSimulator&amp#27;[0;39m - LVWR_T injecting DISCONNECT feedId=int-disconnect
19:37:51.249 &amp#27;[34mINFO &amp#27;[0;39m [virtual-156] &amp#27;[36mc.m.v.simulator.LVWRChaosSimulator&amp#27;[0;39m - LVWR_T injecting DISCONNECT feedId=int-disconnect
19:37:51.262 &amp#27;[34mINFO &amp#27;[0;39m [virtual-156] &amp#27;[36mc.m.v.simulator.LVWRChaosSimulator&amp#27;[0;39m - LVWR_T simulator stopped feedId=int-disconnect ticksSent=3 totalFailures=3
]]></system-out>
  </testcase>
  <testcase name="throttleBurstFloodsThroughputValidator" classname="com.marketdata.validator.simulator.SimulatorValidatorIntegrationTest" time="0.014">
    <system-out><![CDATA[19:37:51.263 &amp#27;[34mINFO &amp#27;[0;39m [virtual-157] &amp#27;[36mc.m.v.simulator.LVWRChaosSimulator&amp#27;[0;39m - LVWR_T simulator starting feedId=int-throttle-burst mode=SCENARIO ticksPerSecond=1000
19:37:51.277 &amp#27;[34mINFO &amp#27;[0;39m [virtual-157] &amp#27;[36mc.m.v.simulator.LVWRChaosSimulator&amp#27;[0;39m - LVWR_T simulator stopped feedId=int-throttle-burst ticksSent=800 totalFailures=1
]]></system-out>
  </testcase>
  <testcase name="duplicateTickScenarioCountsDuplicates" classname="com.marketdata.validator.simulator.SimulatorValidatorIntegrationTest" time="0.026">
    <system-out><![CDATA[19:37:51.277 &amp#27;[34mINFO &amp#27;[0;39m [virtual-158] &amp#27;[36mc.m.v.simulator.LVWRChaosSimulator&amp#27;[0;39m - LVWR_T simulator starting feedId=int-duplicate mode=SCENARIO ticksPerSecond=1000
19:37:51.303 &amp#27;[34mINFO &amp#27;[0;39m [virtual-158] &amp#27;[36mc.m.v.simulator.LVWRChaosSimulator&amp#27;[0;39m - LVWR_T simulator stopped feedId=int-duplicate ticksSent=50 totalFailures=25
]]></system-out>
  </testcase>
  <testcase name="failureTypeCausesValidatorToDetectProblem(FailureType, String, int)[1]" classname="com.marketdata.validator.simulator.SimulatorValidatorIntegrationTest" time="0.038">
    <system-out><![CDATA[19:37:51.328 &amp#27;[34mINFO &amp#27;[0;39m [virtual-159] &amp#27;[36mc.m.v.simulator.LVWRChaosSimulator&amp#27;[0;39m - LVWR_T simulator starting feedId=int-negative_price mode=SCENARIO ticksPerSecond=1000
19:37:51.328 &amp#27;[31mWARN &amp#27;[0;39m [virtual-159] &amp#27;[36mc.m.v.validator.ValidatorEngine&amp#27;[0;39m - Validation FAIL: validator=ACCURACY symbol=EUR/USD status=FAIL value=0.0 threshold=99.99
19:37:51.328 &amp#27;[31mWARN &amp#27;[0;39m [virtual-159] &amp#27;[36mc.m.v.validator.ValidatorEngine&amp#27;[0;39m - Validation FAIL: validator=STATEFUL symbol=EUR/USD status=FAIL value=0.0 threshold=99.99
19:37:51.329 &amp#27;[31mWARN &amp#27;[0;39m [virtual-159] &amp#27;[36mc.m.v.validator.ValidatorEngine&amp#27;[0;39m - Validation FAIL: validator=ACCURACY symbol=GBP/USD status=FAIL value=0.0 threshold=99.99
19:37:51.329 &amp#27;[31mWARN &amp#27;[0;39m [virtual-159] &amp#27;[36mc.m.v.validator.ValidatorEngine&amp#27;[0;39m - Validation FAIL: validator=STATEFUL symbol=GBP/USD status=FAIL value=0.0 threshold=99.99
19:37:51.330 &amp#27;[31mWARN &amp#27;[0;39m [virtual-159] &amp#27;[36mc.m.v.validator.ValidatorEngine&amp#27;[0;39m - Validation FAIL: validator=ACCURACY symbol=SP_BONO_10Y status=FAIL value=0.0 threshold=99.99
19:37:51.331 &amp#27;[31mWARN &amp#27;[0;39m [virtual-159] &amp#27;[36mc.m.v.validator.ValidatorEngine&amp#27;[0;39m - Validation FAIL: validator=STATEFUL symbol=SP_BONO_10Y status=FAIL value=0.0 threshold=99.99
19:37:51.331 &amp#27;[31mWARN &amp#27;[0;39m [virtual-159] &amp#27;[36mc.m.v.validator.ValidatorEngine&amp#27;[0;39m - Validation FAIL: validator=ACCURACY symbol=FR_OAT_10Y status=FAIL value=0.0 threshold=99.99
19:37:51.331 &amp#27;[31mWARN &amp#27;[0;39m [virtual-159] &amp#27;[36mc.m.v.validator.ValidatorEngine&amp#27;[0;39m - Validation FAIL: validator=STATEFUL symbol=FR_OAT_10Y status=FAIL value=0.0 threshold=99.99
19:37:51.332 &amp#27;[31mWARN &amp#27;[0;39m [virtual-159] &amp#27;[36mc.m.v.validator.ValidatorEngine&amp#27;[0;39m - Validation FAIL: validator=ACCURACY symbol=US_TSY_30Y status=FAIL value=0.0 threshold=99.99
19:37:51.333 &amp#27;[31mWARN &amp#27;[0;39m [virtual-159] &amp#27;[36mc.m.v.validator.ValidatorEngine&amp#27;[0;39m - Validation FAIL: validator=STATEFUL symbol=US_TSY_30Y status=FAIL value=0.0 threshold=99.99
19:37:51.333 &amp#27;[31mWARN &amp#27;[0;39m [virtual-159] &amp#27;[36mc.m.v.validator.ValidatorEngine&amp#27;[0;39m - Validation FAIL: validator=ACCURACY symbol=USD/JPY status=FAIL value=0.0 threshold=99.99
19:37:51.333 &amp#27;[31mWARN &amp#27;[0;39m [virtual-159] &amp#27;[36mc.m.v.validator.ValidatorEngine&amp#27;[0;39m - Validation FAIL: validator=STATEFUL symbol=USD/JPY status=FAIL value=0.0 threshold=99.99
19:37:51.334 &amp#27;[31mWARN &amp#27;[0;39m [virtual-159] &amp#27;[36mc.m.v.validator.ValidatorEngine&amp#27;[0;39m - Validation FAIL: validator=ACCURACY symbol=XAU/USD status=FAIL value=0.0 threshold=99.99
19:37:51.335 &amp#27;[31mWARN &amp#27;[0;39m [virtual-159] &amp#27;[36mc.m.v.validator.ValidatorEngine&amp#27;[0;39m - Validation FAIL: validator=STATEFUL symbol=XAU/USD status=FAIL value=0.0 threshold=99.99
19:37:51.335 &amp#27;[31mWARN &amp#27;[0;39m [virtual-159] &amp#27;[36mc.m.v.validator.ValidatorEngine&amp#27;[0;39m - Validation FAIL: validator=ACCURACY symbol=US_TSY_2Y status=FAIL value=0.0 threshold=99.99
19:37:51.336 &amp#27;[31mWARN &amp#27;[0;39m [virtual-159] &amp#27;[36mc.m.v.validator.ValidatorEngine&amp#27;[0;39m - Validation FAIL: validator=STATEFUL symbol=US_TSY_2Y status=FAIL value=0.0 threshold=99.99
19:37:51.336 &amp#27;[31mWARN &amp#27;[0;39m [virtual-159] &amp#27;[36mc.m.v.validator.ValidatorEngine&amp#27;[0;39m - Validation FAIL: validator=ACCURACY symbol=LIBOR_ON status=FAIL value=0.0 threshold=99.99
19:37:51.337 &amp#27;[31mWARN &amp#27;[0;39m [virtual-159] &amp#27;[36mc.m.v.validator.ValidatorEngine&amp#27;[0;39m - Validation FAIL: validator=STATEFUL symbol=LIBOR_ON status=FAIL value=0.0 threshold=99.99
19:37:51.337 &amp#27;[31mWARN &amp#27;[0;39m [virtual-159] &amp#27;[36mc.m.v.validator.ValidatorEngine&amp#27;[0;39m - Validation FAIL: validator=ACCURACY symbol=EURIBOR_3M status=FAIL value=0.0 threshold=99.99
19:37:51.338 &amp#27;[31mWARN &amp#27;[0;39m [virtual-159] &amp#27;[36mc.m.v.validator.ValidatorEngine&amp#27;[0;39m - Validation FAIL: validator=STATEFUL symbol=EURIBOR_3M status=FAIL value=0.0 threshold=99.99
19:37:51.338 &amp#27;[31mWARN &amp#27;[0;39m [virtual-159] &amp#27;[36mc.m.v.validator.ValidatorEngine&amp#27;[0;39m - Validation FAIL: validator=ACCURACY symbol=UK_GILT_10Y status=FAIL value=0.0 threshold=99.99
19:37:51.339 &amp#27;[31mWARN &amp#27;[0;39m [virtual-159] &amp#27;[36mc.m.v.validator.ValidatorEngine&amp#27;[0;39m - Validation FAIL: validator=STATEFUL symbol=UK_GILT_10Y status=FAIL value=0.0 threshold=99.99
19:37:51.339 &amp#27;[31mWARN &amp#27;[0;39m [virtual-159] &amp#27;[36mc.m.v.validator.ValidatorEngine&amp#27;[0;39m - Validation FAIL: validator=ACCURACY symbol=DE_BUND_10Y status=FAIL value=0.0 threshold=99.99
19:37:51.340 &amp#27;[31mWARN &amp#27;[0;39m [virtual-159] &amp#27;[36mc.m.v.validator.ValidatorEngine&amp#27;[0;39m - Validation FAIL: validator=STATEFUL symbol=DE_BUND_10Y status=FAIL value=0.0 threshold=99.99
19:37:51.340 &amp#27;[31mWARN &amp#27;[0;39m [virtual-159] &amp#27;[36mc.m.v.validator.ValidatorEngine&amp#27;[0;39m - Validation FAIL: validator=ACCURACY symbol=CHF_LIBOR_3M status=FAIL value=0.0 threshold=99.99
19:37:51.341 &amp#27;[31mWARN &amp#27;[0;39m [virtual-159] &amp#27;[36mc.m.v.validator.ValidatorEngine&amp#27;[0;39m - Validation FAIL: validator=STATEFUL symbol=CHF_LIBOR_3M status=FAIL value=0.0 threshold=99.99
19:37:51.341 &amp#27;[31mWARN &amp#27;[0;39m [virtual-159] &amp#27;[36mc.m.v.validator.ValidatorEngine&amp#27;[0;39m - Validation FAIL: validator=ACCURACY symbol=EUR/GBP status=FAIL value=0.0 threshold=99.99
19:37:51.341 &amp#27;[31mWARN &amp#27;[0;39m [virtual-159] &amp#27;[36mc.m.v.validator.ValidatorEngine&amp#27;[0;39m - Validation FAIL: validator=STATEFUL symbol=EUR/GBP status=FAIL value=0.0 threshold=99.99
19:37:51.342 &amp#27;[31mWARN &amp#27;[0;39m [virtual-159] &amp#27;[36mc.m.v.validator.ValidatorEngine&amp#27;[0;39m - Validation FAIL: validator=ACCURACY symbol=JP_JGB_10Y status=FAIL value=0.0 threshold=99.99
19:37:51.342 &amp#27;[31mWARN &amp#27;[0;39m [virtual-159] &amp#27;[36mc.m.v.validator.ValidatorEngine&amp#27;[0;39m - Validation FAIL: validator=STATEFUL symbol=JP_JGB_10Y status=FAIL value=0.0 threshold=99.99
19:37:51.343 &amp#27;[31mWARN &amp#27;[0;39m [virtual-159] &amp#27;[36mc.m.v.validator.ValidatorEngine&amp#27;[0;39m - Validation FAIL: validator=ACCURACY symbol=IT_BTP_10Y status=FAIL value=0.0 threshold=99.99
19:37:51.344 &amp#27;[31mWARN &amp#27;[0;39m [virtual-159] &amp#27;[36mc.m.v.validator.ValidatorEngine&amp#27;[0;39m - Validation FAIL: validator=STATEFUL symbol=IT_BTP_10Y status=FAIL value=0.0 threshold=99.99
19:37:51.344 &amp#27;[31mWARN &amp#27;[0;39m [virtual-159] &amp#27;[36mc.m.v.validator.ValidatorEngine&amp#27;[0;39m - Validation FAIL: validator=ACCURACY symbol=US_TSY_10Y status=FAIL value=0.0 threshold=99.99
19:37:51.345 &amp#27;[31mWARN &amp#27;[0;39m [virtual-159] &amp#27;[36mc.m.v.validator.ValidatorEngine&amp#27;[0;39m - Validation FAIL: validator=STATEFUL symbol=US_TSY_10Y status=FAIL value=0.0 threshold=99.99
19:37:51.345 &amp#27;[31mWARN &amp#27;[0;39m [virtual-159] &amp#27;[36mc.m.v.validator.ValidatorEngine&amp#27;[0;39m - Validation FAIL: validator=ACCURACY symbol=EUR/USD status=FAIL value=0.0 threshold=99.99
19:37:51.345 &amp#27;[31mWARN &amp#27;[0;39m [virtual-159] &amp#27;[36mc.m.v.validator.ValidatorEngine&amp#27;[0;39m - Validation FAIL: validator=STATEFUL symbol=EUR/USD status=FAIL value=0.0 threshold=99.99
19:37:51.346 &amp#27;[31mWARN &amp#27;[0;39m [virtual-159] &amp#27;[36mc.m.v.validator.ValidatorEngine&amp#27;[0;39m - Validation FAIL: validator=ACCURACY symbol=GBP/USD status=FAIL value=0.0 threshold=99.99
19:37:51.347 &amp#27;[31mWARN &amp#27;[0;39m [virtual-159] &amp#27;[36mc.m.v.validator.ValidatorEngine&amp#27;[0;39m - Validation FAIL: validator=STATEFUL symbol=GBP/USD status=FAIL value=0.0 threshold=99.99
19:37:51.347 &amp#27;[31mWARN &amp#27;[0;39m [virtual-159] &amp#27;[36mc.m.v.validator.ValidatorEngine&amp#27;[0;39m - Validation FAIL: validator=ACCURACY symbol=SP_BONO_10Y status=FAIL value=0.0 threshold=99.99
19:37:51.348 &amp#27;[31mWARN &amp#27;[0;39m [virtual-159] &amp#27;[36mc.m.v.validator.ValidatorEngine&amp#27;[0;39m - Validation FAIL: validator=STATEFUL symbol=SP_BONO_10Y status=FAIL value=0.0 threshold=99.99
19:37:51.348 &amp#27;[31mWARN &amp#27;[0;39m [virtual-159] &amp#27;[36mc.m.v.validator.ValidatorEngine&amp#27;[0;39m - Validation FAIL: validator=ACCURACY symbol=FR_OAT_10Y status=FAIL value=0.0 threshold=99.99
19:37:51.349 &amp#27;[31mWARN &amp#27;[0;39m [virtual-159] &amp#27;[36mc.m.v.validator.ValidatorEngine&amp#27;[0;39m - Validation FAIL: validator=STATEFUL symbol=FR_OAT_10Y status=FAIL value=0.0 threshold=99.99
19:37:51.349 &amp#27;[31mWARN &amp#27;[0;39m [virtual-159] &amp#27;[36mc.m.v.validator.ValidatorEngine&amp#27;[0;39m - Validation FAIL: validator=ACCURACY symbol=US_TSY_30Y status=FAIL value=0.0 threshold=99.99
19:37:51.350 &amp#27;[31mWARN &amp#27;[0;39m [virtual-159] &amp#27;[36mc.m.v.validator.ValidatorEngine&amp#27;[0;39m - Validation FAIL: validator=STATEFUL symbol=US_TSY_30Y status=FAIL value=0.0 threshold=99.99
19:37:51.350 &amp#27;[31mWARN &amp#27;[0;39m [virtual-159] &amp#27;[36mc.m.v.validator.ValidatorEngine&amp#27;[0;39m - Validation FAIL: validator=ACCURACY symbol=USD/JPY status=FAIL value=0.0 threshold=99.99
19:37:51.351 &amp#27;[31mWARN &amp#27;[0;39m [virtual-159] &amp#27;[36mc.m.v.validator.ValidatorEngine&amp#27;[0;39m - Validation FAIL: validator=STATEFUL symbol=USD/JPY status=FAIL value=0.0 threshold=99.99
19:37:51.351 &amp#27;[31mWARN &amp#27;[0;39m [virtual-159] &amp#27;[36mc.m.v.validator.ValidatorEngine&amp#27;[0;39m - Validation FAIL: validator=ACCURACY symbol=XAU/USD status=FAIL value=0.0 threshold=99.99
19:37:51.352 &amp#27;[31mWARN &amp#27;[0;39m [virtual-159] &amp#27;[36mc.m.v.validator.ValidatorEngine&amp#27;[0;39m - Validation FAIL: validator=STATEFUL symbol=XAU/USD status=FAIL value=0.0 threshold=99.99
19:37:51.352 &amp#27;[31mWARN &amp#27;[0;39m [virtual-159] &amp#27;[36mc.m.v.validator.ValidatorEngine&amp#27;[0;39m - Validation FAIL: validator=ACCURACY symbol=US_TSY_2Y status=FAIL value=0.0 threshold=99.99
19:37:51.353 &amp#27;[31mWARN &amp#27;[0;39m [virtual-159] &amp#27;[36mc.m.v.validator.ValidatorEngine&amp#27;[0;39m - Validation FAIL: validator=STATEFUL symbol=US_TSY_2Y status=FAIL value=0.0 threshold=99.99
19:37:51.353 &amp#27;[34mINFO &amp#27;[0;39m [virtual-159] &amp#27;[36mc.m.v.simulator.LVWRChaosSimulator&amp#27;[0;39m - LVWR_T simulator stopped feedId=int-negative_price ticksSent=25 totalFailures=25
]]></system-out>
  </testcase>
  <testcase name="failureTypeCausesValidatorToDetectProblem(FailureType, String, int)[2]" classname="com.marketdata.validator.simulator.SimulatorValidatorIntegrationTest" time="0.026">
    <system-out><![CDATA[19:37:51.357 &amp#27;[34mINFO &amp#27;[0;39m [virtual-160] &amp#27;[36mc.m.v.simulator.LVWRChaosSimulator&amp#27;[0;39m - LVWR_T simulator starting feedId=int-price_spike mode=SCENARIO ticksPerSecond=1000
19:37:51.374 &amp#27;[31mWARN &amp#27;[0;39m [virtual-160] &amp#27;[36mc.m.v.validator.ValidatorEngine&amp#27;[0;39m - Validation FAIL: validator=ACCURACY symbol=EUR/USD status=FAIL value=94.44444444444444 threshold=99.99
19:37:51.375 &amp#27;[31mWARN &amp#27;[0;39m [virtual-160] &amp#27;[36mc.m.v.validator.ValidatorEngine&amp#27;[0;39m - Validation FAIL: validator=ACCURACY symbol=GBP/USD status=FAIL value=89.47368421052632 threshold=99.99
19:37:51.376 &amp#27;[31mWARN &amp#27;[0;39m [virtual-160] &amp#27;[36mc.m.v.validator.ValidatorEngine&amp#27;[0;39m - Validation FAIL: validator=ACCURACY symbol=SP_BONO_10Y status=FAIL value=85.0 threshold=99.99
19:37:51.377 &amp#27;[31mWARN &amp#27;[0;39m [virtual-160] &amp#27;[36mc.m.v.validator.ValidatorEngine&amp#27;[0;39m - Validation FAIL: validator=ACCURACY symbol=FR_OAT_10Y status=FAIL value=80.95238095238095 threshold=99.99
19:37:51.378 &amp#27;[31mWARN &amp#27;[0;39m [virtual-160] &amp#27;[36mc.m.v.validator.ValidatorEngine&amp#27;[0;39m - Validation FAIL: validator=ACCURACY symbol=US_TSY_30Y status=FAIL value=77.27272727272727 threshold=99.99
19:37:51.379 &amp#27;[31mWARN &amp#27;[0;39m [virtual-160] &amp#27;[36mc.m.v.validator.ValidatorEngine&amp#27;[0;39m - Validation FAIL: validator=ACCURACY symbol=USD/JPY status=FAIL value=73.91304347826087 threshold=99.99
19:37:51.380 &amp#27;[31mWARN &amp#27;[0;39m [virtual-160] &amp#27;[36mc.m.v.validator.ValidatorEngine&amp#27;[0;39m - Validation FAIL: validator=ACCURACY symbol=XAU/USD status=FAIL value=70.83333333333333 threshold=99.99
19:37:51.381 &amp#27;[31mWARN &amp#27;[0;39m [virtual-160] &amp#27;[36mc.m.v.validator.ValidatorEngine&amp#27;[0;39m - Validation FAIL: validator=ACCURACY symbol=US_TSY_2Y status=FAIL value=68.0 threshold=99.99
19:37:51.382 &amp#27;[34mINFO &amp#27;[0;39m [virtual-160] &amp#27;[36mc.m.v.simulator.LVWRChaosSimulator&amp#27;[0;39m - LVWR_T simulator stopped feedId=int-price_spike ticksSent=25 totalFailures=25
]]></system-out>
  </testcase>
  <testcase name="failureTypeCausesValidatorToDetectProblem(FailureType, String, int)[3]" classname="com.marketdata.validator.simulator.SimulatorValidatorIntegrationTest" time="0.026">
    <system-out><![CDATA[19:37:51.383 &amp#27;[34mINFO &amp#27;[0;39m [virtual-161] &amp#27;[36mc.m.v.simulator.LVWRChaosSimulator&amp#27;[0;39m - LVWR_T simulator starting feedId=int-sequence_gap mode=SCENARIO ticksPerSecond=1000
19:37:51.401 &amp#27;[31mWARN &amp#27;[0;39m [virtual-161] &amp#27;[36mc.m.v.validator.ValidatorEngine&amp#27;[0;39m - Validation FAIL: validator=COMPLETENESS symbol=EUR/USD status=FAIL value=78.26086956521739 threshold=99.99
19:37:51.402 &amp#27;[31mWARN &amp#27;[0;39m [virtual-161] &amp#27;[36mc.m.v.validator.ValidatorEngine&amp#27;[0;39m - Validation FAIL: validator=COMPLETENESS symbol=GBP/USD status=FAIL value=65.51724137931035 threshold=99.99
19:37:51.403 &amp#27;[31mWARN &amp#27;[0;39m [virtual-161] &amp#27;[36mc.m.v.validator.ValidatorEngine&amp#27;[0;39m - Validation FAIL: validator=COMPLETENESS symbol=SP_BONO_10Y status=FAIL value=57.142857142857146 threshold=99.99
19:37:51.404 &amp#27;[31mWARN &amp#27;[0;39m [virtual-161] &amp#27;[36mc.m.v.validator.ValidatorEngine&amp#27;[0;39m - Validation FAIL: validator=COMPLETENESS symbol=FR_OAT_10Y status=FAIL value=51.21951219512195 threshold=99.99
19:37:51.405 &amp#27;[31mWARN &amp#27;[0;39m [virtual-161] &amp#27;[36mc.m.v.validator.ValidatorEngine&amp#27;[0;39m - Validation FAIL: validator=COMPLETENESS symbol=US_TSY_30Y status=FAIL value=46.808510638297875 threshold=99.99
19:37:51.406 &amp#27;[31mWARN &amp#27;[0;39m [virtual-161] &amp#27;[36mc.m.v.validator.ValidatorEngine&amp#27;[0;39m - Validation FAIL: validator=COMPLETENESS symbol=USD/JPY status=FAIL value=43.39622641509434 threshold=99.99
19:37:51.407 &amp#27;[31mWARN &amp#27;[0;39m [virtual-161] &amp#27;[36mc.m.v.validator.ValidatorEngine&amp#27;[0;39m - Validation FAIL: validator=COMPLETENESS symbol=XAU/USD status=FAIL value=40.67796610169491 threshold=99.99
19:37:51.408 &amp#27;[31mWARN &amp#27;[0;39m [virtual-161] &amp#27;[36mc.m.v.validator.ValidatorEngine&amp#27;[0;39m - Validation FAIL: validator=COMPLETENESS symbol=US_TSY_2Y status=FAIL value=38.46153846153846 threshold=99.99
19:37:51.409 &amp#27;[34mINFO &amp#27;[0;39m [virtual-161] &amp#27;[36mc.m.v.simulator.LVWRChaosSimulator&amp#27;[0;39m - LVWR_T simulator stopped feedId=int-sequence_gap ticksSent=25 totalFailures=25
]]></system-out>
  </testcase>
  <testcase name="failureTypeCausesValidatorToDetectProblem(FailureType, String, int)[4]" classname="com.marketdata.validator.simulator.SimulatorValidatorIntegrationTest" time="0.011">
    <system-out><![CDATA[19:37:51.410 &amp#27;[34mINFO &amp#27;[0;39m [virtual-162] &amp#27;[36mc.m.v.simulator.LVWRChaosSimulator&amp#27;[0;39m - LVWR_T simulator starting feedId=int-stale_timestamp mode=SCENARIO ticksPerSecond=1000
19:37:51.410 &amp#27;[31mWARN &amp#27;[0;39m [virtual-162] &amp#27;[36mc.m.v.validator.ValidatorEngine&amp#27;[0;39m - Validation FAIL: validator=LATENCY symbol=EUR/USD status=FAIL value=5000.0 threshold=500.0
19:37:51.411 &amp#27;[31mWARN &amp#27;[0;39m [virtual-162] &amp#27;[36mc.m.v.validator.ValidatorEngine&amp#27;[0;39m - Validation FAIL: validator=LATENCY symbol=GBP/USD status=FAIL value=5000.0 threshold=500.0
19:37:51.412 &amp#27;[31mWARN &amp#27;[0;39m [virtual-162] &amp#27;[36mc.m.v.validator.ValidatorEngine&amp#27;[0;39m - Validation FAIL: validator=LATENCY symbol=SP_BONO_10Y status=FAIL value=5000.0 threshold=500.0
19:37:51.413 &amp#27;[31mWARN &amp#27;[0;39m [virtual-162] &amp#27;[36mc.m.v.validator.ValidatorEngine&amp#27;[0;39m - Validation FAIL: validator=LATENCY symbol=FR_OAT_10Y status=FAIL value=5000.0 threshold=500.0
19:37:51.414 &amp#27;[31mWARN &amp#27;[0;39m [virtual-162] &amp#27;[36mc.m.v.validator.ValidatorEngine&amp#27;[0;39m - Validation FAIL: validator=LATENCY symbol=US_TSY_30Y status=FAIL value=5000.0 threshold=500.0
19:37:51.415 &amp#27;[31mWARN &amp#27;[0;39m [virtual-162] &amp#27;[36mc.m.v.validator.ValidatorEngine&amp#27;[0;39m - Validation FAIL: validator=LATENCY symbol=USD/JPY status=FAIL value=5000.0 threshold=500.0
19:37:51.416 &amp#27;[31mWARN &amp#27;[0;39m [virtual-162] &amp#27;[36mc.m.v.validator.ValidatorEngine&amp#27;[0;39m - Validation FAIL: validator=LATENCY symbol=XAU/USD status=FAIL value=5000.0 threshold=500.0
19:37:51.417 &amp#27;[31mWARN &amp#27;[0;39m [virtual-162] &amp#27;[36mc.m.v.validator.ValidatorEngine&amp#27;[0;39m - Validation FAIL: validator=LATENCY symbol=US_TSY_2Y status=FAIL value=5000.0 threshold=500.0
19:37:51.418 &amp#27;[31mWARN &amp#27;[0;39m [virtual-162] &amp#27;[36mc.m.v.validator.ValidatorEngine&amp#27;[0;39m - Validation FAIL: validator=LATENCY symbol=LIBOR_ON status=FAIL value=5000.0 threshold=500.0
19:37:51.419 &amp#27;[31mWARN &amp#27;[0;39m [virtual-162] &amp#27;[36mc.m.v.validator.ValidatorEngine&amp#27;[0;39m - Validation FAIL: validator=LATENCY symbol=EURIBOR_3M status=FAIL value=5000.0 threshold=500.0
19:37:51.420 &amp#27;[34mINFO &amp#27;[0;39m [virtual-162] &amp#27;[36mc.m.v.simulator.LVWRChaosSimulator&amp#27;[0;39m - LVWR_T simulator stopped feedId=int-stale_timestamp ticksSent=10 totalFailures=10
]]></system-out>
  </testcase>
  <testcase name="cumvolBackwardTrackedBySimulator" classname="com.marketdata.validator.simulator.SimulatorValidatorIntegrationTest" time="0.026">
    <system-out><![CDATA[19:37:51.421 &amp#27;[34mINFO &amp#27;[0;39m [virtual-163] &amp#27;[36mc.m.v.simulator.LVWRChaosSimulator&amp#27;[0;39m - LVWR_T simulator starting feedId=int-cumvol-backward mode=SCENARIO ticksPerSecond=1000
19:37:51.446 &amp#27;[34mINFO &amp#27;[0;39m [virtual-163] &amp#27;[36mc.m.v.simulator.LVWRChaosSimulator&amp#27;[0;39m - LVWR_T simulator stopped feedId=int-cumvol-backward ticksSent=25 totalFailures=25
]]></system-out>
  </testcase>
  <testcase name="seqGapScenarioCausesCompletenessValidatorToDetectGaps" classname="com.marketdata.validator.simulator.SimulatorValidatorIntegrationTest" time="0.026">
    <system-out><![CDATA[19:37:51.448 &amp#27;[34mINFO &amp#27;[0;39m [virtual-164] &amp#27;[36mc.m.v.simulator.LVWRChaosSimulator&amp#27;[0;39m - LVWR_T simulator starting feedId=int-seq-gap mode=SCENARIO ticksPerSecond=1000
19:37:51.465 &amp#27;[31mWARN &amp#27;[0;39m [virtual-164] &amp#27;[36mc.m.v.validator.ValidatorEngine&amp#27;[0;39m - Validation FAIL: validator=COMPLETENESS symbol=EUR/USD status=FAIL value=78.26086956521739 threshold=99.99
19:37:51.466 &amp#27;[31mWARN &amp#27;[0;39m [virtual-164] &amp#27;[36mc.m.v.validator.ValidatorEngine&amp#27;[0;39m - Validation FAIL: validator=COMPLETENESS symbol=GBP/USD status=FAIL value=65.51724137931035 threshold=99.99
19:37:51.467 &amp#27;[31mWARN &amp#27;[0;39m [virtual-164] &amp#27;[36mc.m.v.validator.ValidatorEngine&amp#27;[0;39m - Validation FAIL: validator=COMPLETENESS symbol=SP_BONO_10Y status=FAIL value=57.142857142857146 threshold=99.99
19:37:51.468 &amp#27;[31mWARN &amp#27;[0;39m [virtual-164] &amp#27;[36mc.m.v.validator.ValidatorEngine&amp#27;[0;39m - Validation FAIL: validator=COMPLETENESS symbol=FR_OAT_10Y status=FAIL value=51.21951219512195 threshold=99.99
19:37:51.469 &amp#27;[31mWARN &amp#27;[0;39m [virtual-164] &amp#27;[36mc.m.v.validator.ValidatorEngine&amp#27;[0;39m - Validation FAIL: validator=COMPLETENESS symbol=US_TSY_30Y status=FAIL value=46.808510638297875 threshold=99.99
19:37:51.470 &amp#27;[31mWARN &amp#27;[0;39m [virtual-164] &amp#27;[36mc.m.v.validator.ValidatorEngine&amp#27;[0;39m - Validation FAIL: validator=COMPLETENESS symbol=USD/JPY status=FAIL value=43.39622641509434 threshold=99.99
19:37:51.471 &amp#27;[31mWARN &amp#27;[0;39m [virtual-164] &amp#27;[36mc.m.v.validator.ValidatorEngine&amp#27;[0;39m - Validation FAIL: validator=COMPLETENESS symbol=XAU/USD status=FAIL value=40.67796610169491 threshold=99.99
19:37:51.472 &amp#27;[31mWARN &amp#27;[0;39m [virtual-164] &amp#27;[36mc.m.v.validator.ValidatorEngine&amp#27;[0;39m - Validation FAIL: validator=COMPLETENESS symbol=US_TSY_2Y status=FAIL value=38.46153846153846 threshold=99.99
19:37:51.473 &amp#27;[34mINFO &amp#27;[0;39m [virtual-164] &amp#27;[36mc.m.v.simulator.LVWRChaosSimulator&amp#27;[0;39m - LVWR_T simulator stopped feedId=int-seq-gap ticksSent=25 totalFailures=25
]]></system-out>
  </testcase>
  <testcase name="symbolMismatchTrackedBySimulator" classname="com.marketdata.validator.simulator.SimulatorValidatorIntegrationTest" time="0.027">
    <system-out><![CDATA[19:37:51.475 &amp#27;[34mINFO &amp#27;[0;39m [virtual-165] &amp#27;[36mc.m.v.simulator.LVWRChaosSimulator&amp#27;[0;39m - LVWR_T simulator starting feedId=int-symbol-mismatch mode=SCENARIO ticksPerSecond=1000
19:37:51.500 &amp#27;[34mINFO &amp#27;[0;39m [virtual-165] &amp#27;[36mc.m.v.simulator.LVWRChaosSimulator&amp#27;[0;39m - LVWR_T simulator stopped feedId=int-symbol-mismatch ticksSent=25 totalFailures=25
]]></system-out>
  </testcase>
  <testcase name="malformedPayloadProducesNullTicksWithoutCrashing" classname="com.marketdata.validator.simulator.SimulatorValidatorIntegrationTest" time="0.022">
    <system-out><![CDATA[19:37:51.501 &amp#27;[34mINFO &amp#27;[0;39m [virtual-166] &amp#27;[36mc.m.v.simulator.LVWRChaosSimulator&amp#27;[0;39m - LVWR_T simulator starting feedId=int-malformed mode=SCENARIO ticksPerSecond=1000
19:37:51.522 &amp#27;[34mINFO &amp#27;[0;39m [virtual-166] &amp#27;[36mc.m.v.simulator.LVWRChaosSimulator&amp#27;[0;39m - LVWR_T simulator stopped feedId=int-malformed ticksSent=0 totalFailures=20
]]></system-out>
  </testcase>
  <testcase name="priceSpikeScenarioCausesAccuracyValidatorToFail" classname="com.marketdata.validator.simulator.SimulatorValidatorIntegrationTest" time="0.027">
    <system-out><![CDATA[19:37:51.524 &amp#27;[34mINFO &amp#27;[0;39m [virtual-167] &amp#27;[36mc.m.v.simulator.LVWRChaosSimulator&amp#27;[0;39m - LVWR_T simulator starting feedId=int-price-spike mode=SCENARIO ticksPerSecond=1000
19:37:51.541 &amp#27;[31mWARN &amp#27;[0;39m [virtual-167] &amp#27;[36mc.m.v.validator.ValidatorEngine&amp#27;[0;39m - Validation FAIL: validator=ACCURACY symbol=EUR/USD status=FAIL value=94.44444444444444 threshold=99.99
19:37:51.542 &amp#27;[31mWARN &amp#27;[0;39m [virtual-167] &amp#27;[36mc.m.v.validator.ValidatorEngine&amp#27;[0;39m - Validation FAIL: validator=ACCURACY symbol=GBP/USD status=FAIL value=89.47368421052632 threshold=99.99
19:37:51.543 &amp#27;[31mWARN &amp#27;[0;39m [virtual-167] &amp#27;[36mc.m.v.validator.ValidatorEngine&amp#27;[0;39m - Validation FAIL: validator=ACCURACY symbol=SP_BONO_10Y status=FAIL value=85.0 threshold=99.99
19:37:51.544 &amp#27;[31mWARN &amp#27;[0;39m [virtual-167] &amp#27;[36mc.m.v.validator.ValidatorEngine&amp#27;[0;39m - Validation FAIL: validator=ACCURACY symbol=FR_OAT_10Y status=FAIL value=80.95238095238095 threshold=99.99
19:37:51.545 &amp#27;[31mWARN &amp#27;[0;39m [virtual-167] &amp#27;[36mc.m.v.validator.ValidatorEngine&amp#27;[0;39m - Validation FAIL: validator=ACCURACY symbol=US_TSY_30Y status=FAIL value=77.27272727272727 threshold=99.99
19:37:51.546 &amp#27;[31mWARN &amp#27;[0;39m [virtual-167] &amp#27;[36mc.m.v.validator.ValidatorEngine&amp#27;[0;39m - Validation FAIL: validator=ACCURACY symbol=USD/JPY status=FAIL value=73.91304347826087 threshold=99.99
19:37:51.547 &amp#27;[31mWARN &amp#27;[0;39m [virtual-167] &amp#27;[36mc.m.v.validator.ValidatorEngine&amp#27;[0;39m - Validation FAIL: validator=ACCURACY symbol=XAU/USD status=FAIL value=70.83333333333333 threshold=99.99
19:37:51.548 &amp#27;[31mWARN &amp#27;[0;39m [virtual-167] &amp#27;[36mc.m.v.validator.ValidatorEngine&amp#27;[0;39m - Validation FAIL: validator=ACCURACY symbol=US_TSY_2Y status=FAIL value=68.0 threshold=99.99
19:37:51.549 &amp#27;[34mINFO &amp#27;[0;39m [virtual-167] &amp#27;[36mc.m.v.simulator.LVWRChaosSimulator&amp#27;[0;39m - LVWR_T simulator stopped feedId=int-price-spike ticksSent=25 totalFailures=25
]]></system-out>
  </testcase>
  <testcase name="staleTimestampScenarioCausesLatencyValidatorToFail" classname="com.marketdata.validator.simulator.SimulatorValidatorIntegrationTest" time="0.011">
    <system-out><![CDATA[19:37:51.551 &amp#27;[34mINFO &amp#27;[0;39m [virtual-168] &amp#27;[36mc.m.v.simulator.LVWRChaosSimulator&amp#27;[0;39m - LVWR_T simulator starting feedId=int-stale-ts mode=SCENARIO ticksPerSecond=1000
19:37:51.551 &amp#27;[31mWARN &amp#27;[0;39m [virtual-168] &amp#27;[36mc.m.v.validator.ValidatorEngine&amp#27;[0;39m - Validation FAIL: validator=LATENCY symbol=EUR/USD status=FAIL value=5000.0 threshold=500.0
19:37:51.552 &amp#27;[31mWARN &amp#27;[0;39m [virtual-168] &amp#27;[36mc.m.v.validator.ValidatorEngine&amp#27;[0;39m - Validation FAIL: validator=LATENCY symbol=GBP/USD status=FAIL value=5000.0 threshold=500.0
19:37:51.553 &amp#27;[31mWARN &amp#27;[0;39m [virtual-168] &amp#27;[36mc.m.v.validator.ValidatorEngine&amp#27;[0;39m - Validation FAIL: validator=LATENCY symbol=SP_BONO_10Y status=FAIL value=5000.0 threshold=500.0
19:37:51.554 &amp#27;[31mWARN &amp#27;[0;39m [virtual-168] &amp#27;[36mc.m.v.validator.ValidatorEngine&amp#27;[0;39m - Validation FAIL: validator=LATENCY symbol=FR_OAT_10Y status=FAIL value=5000.0 threshold=500.0
19:37:51.555 &amp#27;[31mWARN &amp#27;[0;39m [virtual-168] &amp#27;[36mc.m.v.validator.ValidatorEngine&amp#27;[0;39m - Validation FAIL: validator=LATENCY symbol=US_TSY_30Y status=FAIL value=5000.0 threshold=500.0
19:37:51.556 &amp#27;[31mWARN &amp#27;[0;39m [virtual-168] &amp#27;[36mc.m.v.validator.ValidatorEngine&amp#27;[0;39m - Validation FAIL: validator=LATENCY symbol=USD/JPY status=FAIL value=5000.0 threshold=500.0
19:37:51.557 &amp#27;[31mWARN &amp#27;[0;39m [virtual-168] &amp#27;[36mc.m.v.validator.ValidatorEngine&amp#27;[0;39m - Validation FAIL: validator=LATENCY symbol=XAU/USD status=FAIL value=5000.0 threshold=500.0
19:37:51.558 &amp#27;[31mWARN &amp#27;[0;39m [virtual-168] &amp#27;[36mc.m.v.validator.ValidatorEngine&amp#27;[0;39m - Validation FAIL: validator=LATENCY symbol=US_TSY_2Y status=FAIL value=5000.0 threshold=500.0
19:37:51.559 &amp#27;[31mWARN &amp#27;[0;39m [virtual-168] &amp#27;[36mc.m.v.validator.ValidatorEngine&amp#27;[0;39m - Validation FAIL: validator=LATENCY symbol=LIBOR_ON status=FAIL value=5000.0 threshold=500.0
19:37:51.560 &amp#27;[31mWARN &amp#27;[0;39m [virtual-168] &amp#27;[36mc.m.v.validator.ValidatorEngine&amp#27;[0;39m - Validation FAIL: validator=LATENCY symbol=EURIBOR_3M status=FAIL value=5000.0 threshold=500.0
19:37:51.561 &amp#27;[34mINFO &amp#27;[0;39m [virtual-168] &amp#27;[36mc.m.v.simulator.LVWRChaosSimulator&amp#27;[0;39m - LVWR_T simulator stopped feedId=int-stale-ts ticksSent=10 totalFailures=10
]]></system-out>
  </testcase>
  <testcase name="reconnectStormCompletesWithoutError" classname="com.marketdata.validator.simulator.SimulatorValidatorIntegrationTest" time="0.031">
    <system-out><![CDATA[19:37:51.562 &amp#27;[34mINFO &amp#27;[0;39m [virtual-169] &amp#27;[36mc.m.v.simulator.LVWRChaosSimulator&amp#27;[0;39m - LVWR_T simulator starting feedId=int-reconnect-storm mode=SCENARIO ticksPerSecond=1000
19:37:51.562 &amp#27;[34mINFO &amp#27;[0;39m [virtual-169] &amp#27;[36mc.m.v.simulator.LVWRChaosSimulator&amp#27;[0;39m - LVWR_T injecting RECONNECT_STORM feedId=int-reconnect-storm disconnectCount=1
19:37:51.567 &amp#27;[34mINFO &amp#27;[0;39m [virtual-169] &amp#27;[36mc.m.v.simulator.LVWRChaosSimulator&amp#27;[0;39m - LVWR_T injecting RECONNECT_STORM feedId=int-reconnect-storm disconnectCount=2
19:37:51.573 &amp#27;[34mINFO &amp#27;[0;39m [virtual-169] &amp#27;[36mc.m.v.simulator.LVWRChaosSimulator&amp#27;[0;39m - LVWR_T injecting RECONNECT_STORM feedId=int-reconnect-storm disconnectCount=3
19:37:51.579 &amp#27;[34mINFO &amp#27;[0;39m [virtual-169] &amp#27;[36mc.m.v.simulator.LVWRChaosSimulator&amp#27;[0;39m - LVWR_T injecting RECONNECT_STORM feedId=int-reconnect-storm disconnectCount=4
19:37:51.586 &amp#27;[34mINFO &amp#27;[0;39m [virtual-169] &amp#27;[36mc.m.v.simulator.LVWRChaosSimulator&amp#27;[0;39m - LVWR_T injecting RECONNECT_STORM feedId=int-reconnect-storm disconnectCount=5
19:37:51.592 &amp#27;[34mINFO &amp#27;[0;39m [virtual-169] &amp#27;[36mc.m.v.simulator.LVWRChaosSimulator&amp#27;[0;39m - LVWR_T simulator stopped feedId=int-reconnect-storm ticksSent=5 totalFailures=5
]]></system-out>
  </testcase>
</testsuite>