<?xml version="1.0" encoding="UTF-8"?>
<testsuite xmlns:xsi="http://www.w3.org/2001/XMLSchema-instance" xsi:noNamespaceSchemaLocation="https://maven.apache.org/surefire/maven-surefire-plugin/xsd/surefire-test-report-3.0.xsd" version="3.0" name="com.marketdata.validator.feed.FeedManagerTest" time="0.151" tests="22" errors="0" skipped="0" failures="0">
  <properties>
[...]
</properties>
  <testcase name="stopNonexistentConnectionReturnsFalse" classname="com.marketdata.validator.feed.FeedManagerTest" time="0.042"/>
  <testcase name="destroyHandlesAllConnectionsThrowing" classname="com.marketdata.validator.feed.FeedManagerTest" time="0.047">
    <system-out><![CDATA[19:37:51.845 &amp#27;[34mINFO &amp#27;[0;39m [main] &amp#27;[36mc.m.validator.feed.FeedManager&amp#27;[0;39m - FeedManager shutting down — disconnecting 2 connection(s)
19:37:51.847 &amp#27;[1;31mERROR&amp#27;[0;39m [main] &amp#27;[36mc.m.validator.feed.FeedManager&amp#27;[0;39m - Failed to disconnect feed Bad Feed 1: Error 1
19:37:51.847 &amp#27;[1;31mERROR&amp#27;[0;39m [main] &amp#27;[36mc.m.validator.feed.FeedManager&amp#27;[0;39m - Failed to disconnect feed Bad Feed 2: Error 2
]]></system-out>
  </testcase>
  <testcase name="getConnectionReturnsNullForUnknownId" classname="com.marketdata.validator.feed.FeedManagerTest" time="0.001"/>
  <testcase name="destroyIsNoOpWhenNoConnections" classname="com.marketdata.validator.feed.FeedManagerTest" time="0.001">
    <system-out><![CDATA[19:37:51.849 &amp#27;[34mINFO &amp#27;[0;39m [main] &amp#27;[36mc.m.validator.feed.FeedManager&amp#27;[0;39m - FeedManager shutting down — disconnecting 0 connection(s)
]]></system-out>
  </testcase>
  <testcase name="createsBinanceAdapter" classname="com.marketdata.validator.feed.FeedManagerTest" time="0.001"/>
  <testcase name="removeConnectionReturnsTrue" classname="com.marketdata.validator.feed.FeedManagerTest" time="0.046">
    <system-out><![CDATA[19:37:51.895 &amp#27;[34mINFO &amp#27;[0;39m [main] &amp#27;[36mc.m.validator.feed.FeedManager&amp#27;[0;39m - Added connection: Test (167468a6-6d57-49ef-99fa-7bf2e98d3fcd)
19:37:51.895 &amp#27;[34mINFO &amp#27;[0;39m [main] &amp#27;[36mc.m.validator.feed.FeedManager&amp#27;[0;39m - Removed connection
]]></system-out>
  </testcase>
  <testcase name="startNonexistentConnectionReturnsFalse" classname="com.marketdata.validator.feed.FeedManagerTest" time="0.0"/>
  <testcase name="removeNonexistentConnectionReturnsFalse" classname="com.marketdata.validator.feed.FeedManagerTest" time="0.001"/>
  <testcase name="healthCheckIgnoresRecentlyActiveFeed" classname="com.marketdata.validator.feed.FeedManagerTest" time="0.001">
    <system-out><![CDATA[19:37:51.897 &amp#27;[34mINFO &amp#27;[0;39m [main] &amp#27;[36mc.m.validator.feed.FeedManager&amp#27;[0;39m - Added connection: Active Feed (5078b0c4-33fb-4a28-bb64-0f6b4d89508b)
]]></system-out>
  </testcase>
  <testcase name="stopConnectionSetsDisconnectedStatus" classname="com.marketdata.validator.feed.FeedManagerTest" time="0.001">
    <system-out><![CDATA[19:37:51.899 &amp#27;[34mINFO &amp#27;[0;39m [main] &amp#27;[36mc.m.validator.feed.FeedManager&amp#27;[0;39m - Added connection: Test (6405a551-a543-4704-b301-009e4acd5b00)
19:37:51.899 &amp#27;[34mINFO &amp#27;[0;39m [main] &amp#27;[36mc.m.validator.feed.FeedConnection&amp#27;[0;39m - Disconnected from feed: Test
]]></system-out>
  </testcase>
  <testcase name="createsGenericAdapter" classname="com.marketdata.validator.feed.FeedManagerTest" time="0.001"/>
  <testcase name="healthCheckDetectsStaleFeeds" classname="com.marketdata.validator.feed.FeedManagerTest" time="0.0">
    <system-out><![CDATA[19:37:51.900 &amp#27;[34mINFO &amp#27;[0;39m [main] &amp#27;[36mc.m.validator.feed.FeedManager&amp#27;[0;39m - Added connection: Stale Feed (dfac8f40-9e53-477e-b113-cb8b418b31e7)
]]></system-out>
  </testcase>
  <testcase name="healthCheckIgnoresDisconnectedFeeds" classname="com.marketdata.validator.feed.FeedManagerTest" time="0.0">
    <system-out><![CDATA[19:37:51.901 &amp#27;[34mINFO &amp#27;[0;39m [main] &amp#27;[36mc.m.validator.feed.FeedManager&amp#27;[0;39m - Added connection: Disconnected Feed (90875bba-3322-46ee-aaa6-f13eec4c3e62)
]]></system-out>
  </testcase>
  <testcase name="globalTickListenerReceivesBroadcasts" classname="com.marketdata.validator.feed.FeedManagerTest" time="0.001"/>
  <testcase name="createsFinnhubAdapter" classname="com.marketdata.validator.feed.FeedManagerTest" time="0.001"/>
  <testcase name="addMultipleConnections" classname="com.marketdata.validator.feed.FeedManagerTest" time="0.001">
    <system-out><![CDATA[19:37:51.903 &amp#27;[34mINFO &amp#27;[0;39m [main] &amp#27;[36mc.m.validator.feed.FeedManager&amp#27;[0;39m - Added connection: Feed 1 (1b4929cf-9931-4314-aedc-8028ffe4fe54)
19:37:51.904 &amp#27;[34mINFO &amp#27;[0;39m [main] &amp#27;[36mc.m.validator.feed.FeedManager&amp#27;[0;39m - Added connection: Feed 2 (e5aa692a-0c9c-448e-9a7a-b2d7b3ad2784)
19:37:51.904 &amp#27;[34mINFO &amp#27;[0;39m [main] &amp#27;[36mc.m.validator.feed.FeedManager&amp#27;[0;39m - Added connection: Feed 3 (cb5e0971-ecd4-4363-85c3-137f75cba910)
]]></system-out>
  </testcase>
  <testcase name="getAllConnectionsReturnsEmptyListInitially" classname="com.marketdata.validator.feed.FeedManagerTest" time="0.001"/>
  <testcase name="activeConnectionCountReflectsStatus" classname="com.marketdata.validator.feed.FeedManagerTest" time="0.001">
    <system-out><![CDATA[19:37:51.905 &amp#27;[34mINFO &amp#27;[0;39m [main] &amp#27;[36mc.m.validator.feed.FeedManager&amp#27;[0;39m - Added connection: Feed 1 (e498adea-de1c-4c7c-9c6f-252b1629c2a7)
19:37:51.906 &amp#27;[34mINFO &amp#27;[0;39m [main] &amp#27;[36mc.m.validator.feed.FeedManager&amp#27;[0;39m - Added connection: Feed 2 (b65d257e-1938-4ace-a8cf-0b242ee9bfa6)
]]></system-out>
  </testcase>
  <testcase name="removeGlobalTickListener" classname="com.marketdata.validator.feed.FeedManagerTest" time="0.001"/>
  <testcase name="destroyDisconnectsAllConnectionsEvenWhenOneThrows" classname="com.marketdata.validator.feed.FeedManagerTest" time="0.001">
    <system-out><![CDATA[19:37:51.908 &amp#27;[34mINFO &amp#27;[0;39m [main] &amp#27;[36mc.m.validator.feed.FeedManager&amp#27;[0;39m - FeedManager shutting down — disconnecting 3 connection(s)
19:37:51.908 &amp#27;[1;31mERROR&amp#27;[0;39m [main] &amp#27;[36mc.m.validator.feed.FeedManager&amp#27;[0;39m - Failed to disconnect feed Failing Feed: WebSocket close error
]]></system-out>
  </testcase>
  <testcase name="healthCheckReturnsEmptyWhenNoConnections" classname="com.marketdata.validator.feed.FeedManagerTest" time="0.001"/>
  <testcase name="addConnectionStoresIt" classname="com.marketdata.validator.feed.FeedManagerTest" time="0.0">
    <system-out><![CDATA[19:37:51.909 &amp#27;[34mINFO &amp#27;[0;39m [main] &amp#27;[36mc.m.validator.feed.FeedManager&amp#27;[0;39m - Added connection: Binance BTC (821acdf5-c8fe-45e7-80bd-f8b318944af0)
]]></system-out>
  </testcase>
</testsuite>